<?xml version="1.0" encoding="UTF-8"?>
<testng-results ignored="0" total="1" passed="1" failed="0" skipped="0">
  <reporter-output>
  </reporter-output>
  <suite started-at="2024-08-27T22:48:29 IST" name="Default suite" finished-at="2024-08-27T22:48:32 IST" duration-ms="3331">
    <groups>
    </groups>
    <test started-at="2024-08-27T22:48:29 IST" name="Default test" finished-at="2024-08-27T22:48:32 IST" duration-ms="3331">
      <class name="files.JiraIssue">
        <test-method signature="createBug()[pri:0, instance:files.JiraIssue@428640fa]" started-at="2024-08-27T22:48:29 IST" name="createBug" finished-at="2024-08-27T22:48:32 IST" duration-ms="3307" status="PASS">
          <reporter-output>
          </reporter-output>
        </test-method> <!-- createBug -->
      </class> <!-- files.JiraIssue -->
    </test> <!-- Default test -->
  </suite> <!-- Default suite -->
</testng-results>
